[ 2014-06-20T14:16:40+08:00 ] 114.94.125.168 /IKEA-BILLY-KLIPPAN/
INFO: [ app_begin ] --START--
INFO: ReadHtmlCache Behavior ::run [ RunTime:0.000627s ]
INFO: [ app_begin ] --END-- [ RunTime:0.000748s ]
INFO: [ view_parse ] --START--
INFO: ParseTemplate Behavior ::run [ RunTime:0.307759s ]
INFO: [ view_parse ] --END-- [ RunTime:0.307859s ]
INFO: [ view_filter ] --START--
INFO: ContentReplace Behavior ::run [ RunTime:0.009010s ]
INFO: TokenBuild Behavior ::run [ RunTime:0.000684s ]
INFO: WriteHtmlCache Behavior ::run [ RunTime:0.000300s ]
INFO: ShowRuntime Behavior ::run [ RunTime:0.000730s ]
INFO: [ view_filter ] --END-- [ RunTime:0.010872s ]
INFO: [ view_end ] --START--
INFO: ShowPageTrace Behavior ::run [ RunTime:0.001734s ]
INFO: [ view_end ] --END-- [ RunTime:0.001797s ]

[ 2014-06-20T14:16:40+08:00 ] 114.94.125.168 /IKEA-BILLY-KLIPPAN/Public/verify
INFO: [ route_check ] --START--
INFO: CheckRoute Behavior ::run [ RunTime:0.001350s ]
INFO: [ route_check ] --END-- [ RunTime:0.001450s ]
INFO: [ app_begin ] --START--
INFO: ReadHtmlCache Behavior ::run [ RunTime:0.000335s ]
INFO: [ app_begin ] --END-- [ RunTime:0.000387s ]

[ 2014-06-20T14:17:06+08:00 ] 114.94.125.168 /IKEA-BILLY-KLIPPAN/Index/addStory
INFO: [ route_check ] --START--
INFO: CheckRoute Behavior ::run [ RunTime:0.000860s ]
INFO: [ route_check ] --END-- [ RunTime:0.000958s ]
INFO: [ app_begin ] --START--
INFO: ReadHtmlCache Behavior ::run [ RunTime:0.000684s ]
INFO: [ app_begin ] --END-- [ RunTime:0.000732s ]
SQL: SHOW COLUMNS FROM `ikea_story` [ RunTime:0.003413s ]
SQL: INSERT INTO `ikea_story` (`ID`,`name`,`email`,`addr`,`title`,`story`,`file`,`add_time`) VALUES ('53a3d1e0a626b','xuezz','xzzphp@qq.com','df','455sd','4546','53a3d1e0987f9.jpg',1403245024) [ RunTime:0.000458s ]
NOTIC: [8192] Function set_magic_quotes_runtime() is deprecated /home/xuezzcn/domains/pro.xuezz.cn/public_html/IKEA-BILLY-KLIPPAN/App/Lib/ORG/Util/PHPMailer.class.php 第 1471 行.
NOTIC: [8192] Function set_magic_quotes_runtime() is deprecated /home/xuezzcn/domains/pro.xuezz.cn/public_html/IKEA-BILLY-KLIPPAN/App/Lib/ORG/Util/PHPMailer.class.php 第 1475 行.

[ 2014-06-20T14:22:19+08:00 ] 127.0.0.1 /ikea-billy-klippan-story/index.php
INFO: [ app_begin ] --START--
INFO: ReadHtmlCache Behavior ::run [ RunTime:0.000932s ]
INFO: [ app_begin ] --END-- [ RunTime:0.001089s ]
INFO: [ view_parse ] --START--
INFO: ParseTemplate Behavior ::run [ RunTime:0.018923s ]
INFO: [ view_parse ] --END-- [ RunTime:0.019204s ]
INFO: [ view_filter ] --START--
INFO: ContentReplace Behavior ::run [ RunTime:0.000823s ]
INFO: TokenBuild Behavior ::run [ RunTime:0.000802s ]
INFO: WriteHtmlCache Behavior ::run [ RunTime:0.000645s ]
INFO: ShowRuntime Behavior ::run [ RunTime:0.000870s ]
INFO: [ view_filter ] --END-- [ RunTime:0.003453s ]
INFO: [ view_end ] --START--
INFO: ShowPageTrace Behavior ::run [ RunTime:0.001215s ]
INFO: [ view_end ] --END-- [ RunTime:0.001378s ]

[ 2014-06-20T14:22:19+08:00 ] 127.0.0.1 /ikea-billy-klippan-story/Public/verify
INFO: [ route_check ] --START--
INFO: CheckRoute Behavior ::run [ RunTime:0.001438s ]
INFO: [ route_check ] --END-- [ RunTime:0.001568s ]
INFO: [ app_begin ] --START--
INFO: ReadHtmlCache Behavior ::run [ RunTime:0.000450s ]
INFO: [ app_begin ] --END-- [ RunTime:0.000512s ]

[ 2014-06-20T14:22:21+08:00 ] 127.0.0.1 /ikea-billy-klippan-story/index.php
INFO: [ app_begin ] --START--
INFO: ReadHtmlCache Behavior ::run [ RunTime:0.000580s ]
INFO: [ app_begin ] --END-- [ RunTime:0.000686s ]
INFO: [ view_parse ] --START--
INFO: ParseTemplate Behavior ::run [ RunTime:0.014080s ]
INFO: [ view_parse ] --END-- [ RunTime:0.014221s ]
INFO: [ view_filter ] --START--
INFO: ContentReplace Behavior ::run [ RunTime:0.000448s ]
INFO: TokenBuild Behavior ::run [ RunTime:0.000381s ]
INFO: WriteHtmlCache Behavior ::run [ RunTime:0.000245s ]
INFO: ShowRuntime Behavior ::run [ RunTime:0.000456s ]
INFO: [ view_filter ] --END-- [ RunTime:0.001731s ]
INFO: [ view_end ] --START--
INFO: ShowPageTrace Behavior ::run [ RunTime:0.002946s ]
INFO: [ view_end ] --END-- [ RunTime:0.003187s ]

[ 2014-06-20T14:22:21+08:00 ] 127.0.0.1 /ikea-billy-klippan-story/Public/verify
INFO: [ route_check ] --START--
INFO: CheckRoute Behavior ::run [ RunTime:0.001025s ]
INFO: [ route_check ] --END-- [ RunTime:0.001126s ]
INFO: [ app_begin ] --START--
INFO: ReadHtmlCache Behavior ::run [ RunTime:0.000934s ]
INFO: [ app_begin ] --END-- [ RunTime:0.001013s ]

[ 2014-06-20T14:23:13+08:00 ] 127.0.0.1 /ikea-billy-klippan-story/
INFO: [ app_begin ] --START--
INFO: ReadHtmlCache Behavior ::run [ RunTime:0.000436s ]
INFO: [ app_begin ] --END-- [ RunTime:0.000518s ]
INFO: [ view_parse ] --START--
INFO: ParseTemplate Behavior ::run [ RunTime:0.013862s ]
INFO: [ view_parse ] --END-- [ RunTime:0.013980s ]
INFO: [ view_filter ] --START--
INFO: ContentReplace Behavior ::run [ RunTime:0.000630s ]
INFO: TokenBuild Behavior ::run [ RunTime:0.000580s ]
INFO: WriteHtmlCache Behavior ::run [ RunTime:0.000470s ]
INFO: ShowRuntime Behavior ::run [ RunTime:0.000707s ]
INFO: [ view_filter ] --END-- [ RunTime:0.002549s ]
INFO: [ view_end ] --START--
INFO: ShowPageTrace Behavior ::run [ RunTime:0.001013s ]
INFO: [ view_end ] --END-- [ RunTime:0.001101s ]

[ 2014-06-20T14:23:13+08:00 ] 127.0.0.1 /ikea-billy-klippan-story/Public/verify
INFO: [ route_check ] --START--
INFO: CheckRoute Behavior ::run [ RunTime:0.000736s ]
INFO: [ route_check ] --END-- [ RunTime:0.000837s ]
INFO: [ app_begin ] --START--
INFO: ReadHtmlCache Behavior ::run [ RunTime:0.000456s ]
INFO: [ app_begin ] --END-- [ RunTime:0.000526s ]

[ 2014-06-20T14:23:44+08:00 ] 127.0.0.1 /ikea-billy-klippan-story/Index/addStory
INFO: [ route_check ] --START--
INFO: CheckRoute Behavior ::run [ RunTime:0.000657s ]
INFO: [ route_check ] --END-- [ RunTime:0.000739s ]
INFO: [ app_begin ] --START--
INFO: ReadHtmlCache Behavior ::run [ RunTime:0.000450s ]
INFO: [ app_begin ] --END-- [ RunTime:0.000505s ]
SQL: SHOW COLUMNS FROM `ikea_story` [ RunTime:0.001501s ]
SQL: INSERT INTO `ikea_story` (`ID`,`name`,`email`,`addr`,`title`,`story`,`file`,`add_time`) VALUES ('53a3d36e86129','薛周周','xzzphp@163.com','227713','x21212','斯蒂芬斯蒂芬','53a3d36e85792.jpg,53a3d36e85cac.jpg',1403245422) [ RunTime:0.005143s ]

