[ 2014-06-03T20:25:57+08:00 ] 89.145.108.202 /IKEA-BILLY-KLIPPAN/
INFO: [ app_begin ] --START--
INFO: ReadHtmlCache Behavior ::run [ RunTime:0.007373s ]
INFO: [ app_begin ] --END-- [ RunTime:0.007507s ]
INFO: [ view_parse ] --START--
INFO: ParseTemplate Behavior ::run [ RunTime:0.105959s ]
INFO: [ view_parse ] --END-- [ RunTime:0.106034s ]
INFO: [ view_filter ] --START--
INFO: ContentReplace Behavior ::run [ RunTime:0.007783s ]
INFO: TokenBuild Behavior ::run [ RunTime:0.004120s ]
INFO: WriteHtmlCache Behavior ::run [ RunTime:0.003622s ]
INFO: ShowRuntime Behavior ::run [ RunTime:0.004283s ]
INFO: [ view_filter ] --END-- [ RunTime:0.019954s ]
INFO: [ view_end ] --START--
INFO: ShowPageTrace Behavior ::run [ RunTime:0.007392s ]
INFO: [ view_end ] --END-- [ RunTime:0.007455s ]

[ 2014-06-03T20:57:00+08:00 ] 89.145.108.202 /IKEA-BILLY-KLIPPAN/
INFO: [ app_begin ] --START--
INFO: ReadHtmlCache Behavior ::run [ RunTime:0.000450s ]
INFO: [ app_begin ] --END-- [ RunTime:0.000563s ]
INFO: [ view_parse ] --START--
INFO: ParseTemplate Behavior ::run [ RunTime:0.010856s ]
INFO: [ view_parse ] --END-- [ RunTime:0.010927s ]
INFO: [ view_filter ] --START--
INFO: ContentReplace Behavior ::run [ RunTime:0.000256s ]
INFO: TokenBuild Behavior ::run [ RunTime:0.000290s ]
INFO: WriteHtmlCache Behavior ::run [ RunTime:0.000240s ]
INFO: ShowRuntime Behavior ::run [ RunTime:0.000269s ]
INFO: [ view_filter ] --END-- [ RunTime:0.001200s ]
INFO: [ view_end ] --START--
INFO: ShowPageTrace Behavior ::run [ RunTime:0.000480s ]
INFO: [ view_end ] --END-- [ RunTime:0.000542s ]

